# column   1     --> step : The current simulation time step.
# column   2     --> time{picosecond} : The elapsed simulation time.
# column   3     --> potential{electronvolt} : The physical system potential energy.
# column   4     --> conserved : The value of the conserved energy quantity per bead.
# column   5     --> temperature{kelvin} : The current temperature, as obtained from the MD kinetic energy.
# column   6     --> ensemble_temperature{kelvin} : The target temperature for the current ensemble
    0.00000000e+00     0.00000000e+00    -2.10342074e+04    -7.72956025e+02     2.33626809e+01     3.00000000e+02   
    1.00000000e+00     5.00000000e-04    -2.10342433e+04    -7.72956093e+02     2.62913791e+01     3.00000000e+02   
    2.00000000e+00     1.00000000e-03    -2.10343432e+04    -7.72956209e+02     2.96336520e+01     3.00000000e+02   
    3.00000000e+00     1.50000000e-03    -2.10344625e+04    -7.72956256e+02     3.40843802e+01     3.00000000e+02   
    4.00000000e+00     2.00000000e-03    -2.10345622e+04    -7.72956200e+02     3.74430322e+01     3.00000000e+02   
    5.00000000e+00     2.50000000e-03    -2.10346572e+04    -7.72956202e+02     4.03284359e+01     3.00000000e+02   
    6.00000000e+00     3.00000000e-03    -2.10347348e+04    -7.72956202e+02     4.29492223e+01     3.00000000e+02   
    7.00000000e+00     3.50000000e-03    -2.10347957e+04    -7.72956193e+02     4.59464819e+01     3.00000000e+02   
    8.00000000e+00     4.00000000e-03    -2.10348417e+04    -7.72956189e+02     4.76218283e+01     3.00000000e+02   
    9.00000000e+00     4.50000000e-03    -2.10348696e+04    -7.72956159e+02     4.98984915e+01     3.00000000e+02   
    1.00000000e+01     5.00000000e-03    -2.10348933e+04    -7.72956119e+02     5.09712272e+01     3.00000000e+02   
    1.10000000e+01     5.50000000e-03    -2.10349344e+04    -7.72956099e+02     5.15606214e+01     3.00000000e+02   
    1.20000000e+01     6.00000000e-03    -2.10349929e+04    -7.72956082e+02     5.45242243e+01     3.00000000e+02   
    1.30000000e+01     6.50000000e-03    -2.10350860e+04    -7.72956100e+02     5.67331737e+01     3.00000000e+02   
    1.40000000e+01     7.00000000e-03    -2.10352023e+04    -7.72956133e+02     6.06767212e+01     3.00000000e+02   
    1.50000000e+01     7.50000000e-03    -2.10353191e+04    -7.72956167e+02     6.46171866e+01     3.00000000e+02   
    1.60000000e+01     8.00000000e-03    -2.10354061e+04    -7.72956224e+02     6.77828043e+01     3.00000000e+02   
    1.70000000e+01     8.50000000e-03    -2.10354285e+04    -7.72956276e+02     7.17461782e+01     3.00000000e+02   
    1.80000000e+01     9.00000000e-03    -2.10353704e+04    -7.72956230e+02     7.30659161e+01     3.00000000e+02   
    1.90000000e+01     9.50000000e-03    -2.10352445e+04    -7.72956130e+02     7.25553230e+01     3.00000000e+02   
    2.00000000e+01     1.00000000e-02    -2.10350986e+04    -7.72955992e+02     7.07436431e+01     3.00000000e+02   
    2.10000000e+01     1.05000000e-02    -2.10349786e+04    -7.72955932e+02     6.94535445e+01     3.00000000e+02   
    2.20000000e+01     1.10000000e-02    -2.10349092e+04    -7.72955952e+02     7.05626682e+01     3.00000000e+02   
    2.30000000e+01     1.15000000e-02    -2.10348763e+04    -7.72955994e+02     7.13819283e+01     3.00000000e+02   
    2.40000000e+01     1.20000000e-02    -2.10348483e+04    -7.72956027e+02     7.17154221e+01     3.00000000e+02   
    2.50000000e+01     1.25000000e-02    -2.10348158e+04    -7.72956000e+02     7.08975648e+01     3.00000000e+02   
    2.60000000e+01     1.30000000e-02    -2.10347821e+04    -7.72955986e+02     7.15710215e+01     3.00000000e+02   
    2.70000000e+01     1.35000000e-02    -2.10347601e+04    -7.72955980e+02     7.41676572e+01     3.00000000e+02   
    2.80000000e+01     1.40000000e-02    -2.10347394e+04    -7.72955998e+02     7.54016751e+01     3.00000000e+02   
    2.90000000e+01     1.45000000e-02    -2.10347012e+04    -7.72956023e+02     7.66519451e+01     3.00000000e+02   
    3.00000000e+01     1.50000000e-02    -2.10346544e+04    -7.72956000e+02     7.85708459e+01     3.00000000e+02   
    3.10000000e+01     1.55000000e-02    -2.10346103e+04    -7.72955946e+02     7.92873299e+01     3.00000000e+02   
    3.20000000e+01     1.60000000e-02    -2.10345727e+04    -7.72955899e+02     8.15638843e+01     3.00000000e+02   
    3.30000000e+01     1.65000000e-02    -2.10345648e+04    -7.72955874e+02     8.42058576e+01     3.00000000e+02   
    3.40000000e+01     1.70000000e-02    -2.10345855e+04    -7.72955890e+02     8.46532536e+01     3.00000000e+02   
    3.50000000e+01     1.75000000e-02    -2.10346216e+04    -7.72955937e+02     8.83435549e+01     3.00000000e+02   
    3.60000000e+01     1.80000000e-02    -2.10346553e+04    -7.72955974e+02     9.16110745e+01     3.00000000e+02   
    3.70000000e+01     1.85000000e-02    -2.10346761e+04    -7.72955979e+02     9.19932544e+01     3.00000000e+02   
    3.80000000e+01     1.90000000e-02    -2.10346667e+04    -7.72955962e+02     9.19864002e+01     3.00000000e+02   
    3.90000000e+01     1.95000000e-02    -2.10346401e+04    -7.72955931e+02     9.30444264e+01     3.00000000e+02   
    4.00000000e+01     2.00000000e-02    -2.10345925e+04    -7.72955927e+02     9.32510536e+01     3.00000000e+02   
    4.10000000e+01     2.05000000e-02    -2.10345259e+04    -7.72955835e+02     9.33505141e+01     3.00000000e+02   
    4.20000000e+01     2.10000000e-02    -2.10344672e+04    -7.72955770e+02     9.36231149e+01     3.00000000e+02   
    4.30000000e+01     2.15000000e-02    -2.10344412e+04    -7.72955738e+02     9.40138586e+01     3.00000000e+02   
    4.40000000e+01     2.20000000e-02    -2.10344477e+04    -7.72955794e+02     9.74848256e+01     3.00000000e+02   
    4.50000000e+01     2.25000000e-02    -2.10344610e+04    -7.72955842e+02     1.02182736e+02     3.00000000e+02   
    4.60000000e+01     2.30000000e-02    -2.10344615e+04    -7.72955856e+02     1.04157675e+02     3.00000000e+02   
    4.70000000e+01     2.35000000e-02    -2.10344415e+04    -7.72955809e+02     1.05951223e+02     3.00000000e+02   
    4.80000000e+01     2.40000000e-02    -2.10344065e+04    -7.72955746e+02     1.06617663e+02     3.00000000e+02   
    4.90000000e+01     2.45000000e-02    -2.10343875e+04    -7.72955692e+02     1.07269986e+02     3.00000000e+02   
    5.00000000e+01     2.50000000e-02    -2.10343943e+04    -7.72955729e+02     1.09009052e+02     3.00000000e+02   
    5.10000000e+01     2.55000000e-02    -2.10344225e+04    -7.72955776e+02     1.10135836e+02     3.00000000e+02   
    5.20000000e+01     2.60000000e-02    -2.10344417e+04    -7.72955789e+02     1.12622648e+02     3.00000000e+02   
    5.30000000e+01     2.65000000e-02    -2.10344414e+04    -7.72955736e+02     1.14925195e+02     3.00000000e+02   
    5.40000000e+01     2.70000000e-02    -2.10344309e+04    -7.72955734e+02     1.17476887e+02     3.00000000e+02   
    5.50000000e+01     2.75000000e-02    -2.10344087e+04    -7.72955690e+02     1.19522951e+02     3.00000000e+02   
    5.60000000e+01     2.80000000e-02    -2.10343815e+04    -7.72955637e+02     1.20059248e+02     3.00000000e+02   
    5.70000000e+01     2.85000000e-02    -2.10343762e+04    -7.72955647e+02     1.19171471e+02     3.00000000e+02   
    5.80000000e+01     2.90000000e-02    -2.10343784e+04    -7.72955651e+02     1.20756647e+02     3.00000000e+02   
    5.90000000e+01     2.95000000e-02    -2.10343758e+04    -7.72955720e+02     1.21494281e+02     3.00000000e+02   
    6.00000000e+01     3.00000000e-02    -2.10343621e+04    -7.72955745e+02     1.21880490e+02     3.00000000e+02   
    6.10000000e+01     3.05000000e-02    -2.10343169e+04    -7.72955772e+02     1.22185443e+02     3.00000000e+02   
    6.20000000e+01     3.10000000e-02    -2.10342456e+04    -7.72955701e+02     1.21221142e+02     3.00000000e+02   
    6.30000000e+01     3.15000000e-02    -2.10341705e+04    -7.72955536e+02     1.21205632e+02     3.00000000e+02   
    6.40000000e+01     3.20000000e-02    -2.10341408e+04    -7.72955488e+02     1.23627984e+02     3.00000000e+02   
    6.50000000e+01     3.25000000e-02    -2.10341729e+04    -7.72955546e+02     1.26205137e+02     3.00000000e+02   
    6.60000000e+01     3.30000000e-02    -2.10342343e+04    -7.72955642e+02     1.27683114e+02     3.00000000e+02   
    6.70000000e+01     3.35000000e-02    -2.10342835e+04    -7.72955674e+02     1.29798079e+02     3.00000000e+02   
    6.80000000e+01     3.40000000e-02    -2.10342859e+04    -7.72955614e+02     1.29819057e+02     3.00000000e+02   
    6.90000000e+01     3.45000000e-02    -2.10342774e+04    -7.72955601e+02     1.30618180e+02     3.00000000e+02   
    7.00000000e+01     3.50000000e-02    -2.10342482e+04    -7.72955596e+02     1.32326422e+02     3.00000000e+02   
    7.10000000e+01     3.55000000e-02    -2.10342203e+04    -7.72955565e+02     1.30280863e+02     3.00000000e+02   
    7.20000000e+01     3.60000000e-02    -2.10341972e+04    -7.72955481e+02     1.32009693e+02     3.00000000e+02   
    7.30000000e+01     3.65000000e-02    -2.10341850e+04    -7.72955482e+02     1.33809648e+02     3.00000000e+02   
    7.40000000e+01     3.70000000e-02    -2.10342033e+04    -7.72955735e+02     1.34568552e+02     3.00000000e+02   
    7.50000000e+01     3.75000000e-02    -2.10341780e+04    -7.72955762e+02     1.34969702e+02     3.00000000e+02   
    7.60000000e+01     3.80000000e-02    -2.10341098e+04    -7.72955658e+02     1.36748351e+02     3.00000000e+02   
    7.70000000e+01     3.85000000e-02    -2.10340487e+04    -7.72955481e+02     1.37460167e+02     3.00000000e+02   
    7.80000000e+01     3.90000000e-02    -2.10340278e+04    -7.72955488e+02     1.38595659e+02     3.00000000e+02   
    7.90000000e+01     3.95000000e-02    -2.10340464e+04    -7.72955539e+02     1.40715041e+02     3.00000000e+02   
    8.00000000e+01     4.00000000e-02    -2.10340818e+04    -7.72955600e+02     1.44093875e+02     3.00000000e+02   
    8.10000000e+01     4.05000000e-02    -2.10340880e+04    -7.72955679e+02     1.46551960e+02     3.00000000e+02   
    8.20000000e+01     4.10000000e-02    -2.10340314e+04    -7.72955659e+02     1.47850234e+02     3.00000000e+02   
    8.30000000e+01     4.15000000e-02    -2.10339207e+04    -7.72955559e+02     1.47798341e+02     3.00000000e+02   
    8.40000000e+01     4.20000000e-02    -2.10337919e+04    -7.72955463e+02     1.48512255e+02     3.00000000e+02   
    8.50000000e+01     4.25000000e-02    -2.10336809e+04    -7.72955418e+02     1.48042053e+02     3.00000000e+02   
    8.60000000e+01     4.30000000e-02    -2.10336003e+04    -7.72955483e+02     1.47486578e+02     3.00000000e+02   
    8.70000000e+01     4.35000000e-02    -2.10335236e+04    -7.72955512e+02     1.46702615e+02     3.00000000e+02   
    8.80000000e+01     4.40000000e-02    -2.10334492e+04    -7.72955410e+02     1.45527334e+02     3.00000000e+02   
    8.90000000e+01     4.45000000e-02    -2.10333991e+04    -7.72955416e+02     1.45157727e+02     3.00000000e+02   
    9.00000000e+01     4.50000000e-02    -2.10333848e+04    -7.72955401e+02     1.44311793e+02     3.00000000e+02   
    9.10000000e+01     4.55000000e-02    -2.10334004e+04    -7.72955381e+02     1.44433563e+02     3.00000000e+02   
    9.20000000e+01     4.60000000e-02    -2.10334486e+04    -7.72955391e+02     1.48617698e+02     3.00000000e+02   
    9.30000000e+01     4.65000000e-02    -2.10335174e+04    -7.72955421e+02     1.50613136e+02     3.00000000e+02   
    9.40000000e+01     4.70000000e-02    -2.10335794e+04    -7.72955448e+02     1.52405344e+02     3.00000000e+02   
    9.50000000e+01     4.75000000e-02    -2.10336182e+04    -7.72955431e+02     1.54089781e+02     3.00000000e+02   
    9.60000000e+01     4.80000000e-02    -2.10336294e+04    -7.72955450e+02     1.54746390e+02     3.00000000e+02   
    9.70000000e+01     4.85000000e-02    -2.10336107e+04    -7.72955474e+02     1.54554917e+02     3.00000000e+02   
    9.80000000e+01     4.90000000e-02    -2.10335781e+04    -7.72955527e+02     1.54356574e+02     3.00000000e+02   
    9.90000000e+01     4.95000000e-02    -2.10335171e+04    -7.72955458e+02     1.52820049e+02     3.00000000e+02   
    1.00000000e+02     5.00000000e-02    -2.10334681e+04    -7.72955334e+02     1.51308786e+02     3.00000000e+02   
